<?xml version="1.0" encoding="utf-8" standalone="no"?>
<test-results xmlns:xsi="http://www.w3.org/2001/XMLSchema-instance" xsi:noNamespaceSchemaLocation="nunit_schema_2.5.xsd" name="Pester" total="3" errors="0" failures="0" not-run="0" inconclusive="0" ignored="0" skipped="0" invalid="0" date="2025-08-22" time="21:36:16">
  <environment clr-version="4.0.30319.42000" user-domain="AzureAD" cwd="C:\Users\MennoDrescher\source\repos\ICT-Governance-Framework-Application" platform="Microsoft Windows 11 Pro|C:\WINDOWS|\Device\Harddisk0\Partition3" machine-name="WIN-UC0120T7MK2" nunit-version="2.5.8.0" os-version="10.0.26100" user="MennoDrescher" />
  <culture-info current-culture="en-US" current-uiculture="en-US" />
  <test-suite type="TestFixture" name="Pester" executed="True" result="Success" success="True" time="6.7056" asserts="0" description="Pester">
    <results>
      <test-suite type="TestFixture" name="C:\Users\MennoDrescher\source\repos\ICT-Governance-Framework-Application\tests\ModuleImport.Tests.ps1" executed="True" result="Success" success="True" time="1.4928" asserts="0" description="C:\Users\MennoDrescher\source\repos\ICT-Governance-Framework-Application\tests\ModuleImport.Tests.ps1">
        <results>
          <test-suite type="TestFixture" name="ICT-Governance-Framework Module" executed="True" result="Success" success="True" time="0.6818" asserts="0" description="ICT-Governance-Framework Module">
            <results>
              <test-case description="Imports the module without error" name="ICT-Governance-Framework Module.Imports the module without error" time="0.2982" asserts="0" success="True" result="Success" executed="True" />
              <test-case description="Exports the expected public functions" name="ICT-Governance-Framework Module.Exports the expected public functions" time="0.0197" asserts="0" success="True" result="Success" executed="True" />
            </results>
          </test-suite>
        </results>
      </test-suite>
      <test-suite type="TestFixture" name="C:\Users\MennoDrescher\source\repos\ICT-Governance-Framework-Application\tests\ReportGeneration.Tests.ps1" executed="True" result="Success" success="True" time="5.2128" asserts="0" description="C:\Users\MennoDrescher\source\repos\ICT-Governance-Framework-Application\tests\ReportGeneration.Tests.ps1">
        <results>
          <test-suite type="TestFixture" name="Report generation (unit)" executed="True" result="Success" success="True" time="5.1634" asserts="0" description="Report generation (unit)">
            <results>
              <test-case description="Generates an HTML report file" name="Report generation (unit).Generates an HTML report file" time="5.0886" asserts="0" success="True" result="Success" executed="True" />
            </results>
          </test-suite>
        </results>
      </test-suite>
    </results>
  </test-suite>
</test-results>